<?xml version="1.0" encoding="UTF-8"?>
<testsuite name="PersonTest" tests="3" skipped="0" failures="0" errors="0" timestamp="2024-09-11T23:40:05" hostname="Sarah-Tonin-2.local" time="0.016">
  <properties/>
  <testcase name="getFullName()" classname="PersonTest" time="0.014"/>
  <testcase name="getFirstName()" classname="PersonTest" time="0.0"/>
  <testcase name="getLastName()" classname="PersonTest" time="0.0"/>
  <system-out><![CDATA[]]></system-out>
  <system-err><![CDATA[]]></system-err>
</testsuite>
